Enter the name of the file you would like to use:This dataset has 10 features, with 300 instances.
Which algorithm do you want to use?
        1) Forward Selection
        2) Backward Selection

        On search level 1
Considering features {1}: accuracy of 0.6466666666666666
Considering features {2}: accuracy of 0.6866666666666666
Considering features {3}: accuracy of 0.74
Considering features {4}: accuracy of 0.6266666666666667
Considering features {5}: accuracy of 0.67
Considering features {6}: accuracy of 0.86
Considering features {7}: accuracy of 0.7533333333333333
Considering features {8}: accuracy of 0.6866666666666666
Considering features {9}: accuracy of 0.6533333333333333
Considering features {10}: accuracy of 0.6133333333333333
Adding 6 to the feature set
Found new max: {6} with accuracy: 0.86
On search level 2
Considering features {1, 6}: accuracy of 0.85
Considering features {2, 6}: accuracy of 0.7933333333333333
Considering features {3, 6}: accuracy of 0.9566666666666667
Considering features {4, 6}: accuracy of 0.8333333333333334
Considering features {5, 6}: accuracy of 0.8066666666666666
Considering features {6, 7}: accuracy of 0.8433333333333334
Considering features {8, 6}: accuracy of 0.8266666666666667
Considering features {9, 6}: accuracy of 0.8333333333333334
Considering features {10, 6}: accuracy of 0.81
Adding 3 to the feature set
Found new max: {3, 6} with accuracy: 0.9566666666666667
On search level 3
Considering features {1, 3, 6}: accuracy of 0.94
Considering features {2, 3, 6}: accuracy of 0.89
Considering features {3, 4, 6}: accuracy of 0.89
Considering features {3, 5, 6}: accuracy of 0.8866666666666667
Considering features {3, 6, 7}: accuracy of 0.8966666666666666
Considering features {8, 3, 6}: accuracy of 0.88
Considering features {9, 3, 6}: accuracy of 0.9066666666666666
Considering features {10, 3, 6}: accuracy of 0.8833333333333333
Adding 1 to the feature set
On search level 4
Considering features {1, 2, 3, 6}: accuracy of 0.8566666666666667
Considering features {1, 3, 4, 6}: accuracy of 0.89
Considering features {1, 3, 5, 6}: accuracy of 0.8766666666666667
Considering features {1, 3, 6, 7}: accuracy of 0.8666666666666667
Considering features {8, 1, 3, 6}: accuracy of 0.8666666666666667
Considering features {1, 3, 6, 9}: accuracy of 0.9033333333333333
Considering features {1, 10, 3, 6}: accuracy of 0.8666666666666667
Adding 9 to the feature set
On search level 5
Considering features {1, 2, 3, 6, 9}: accuracy of 0.8533333333333334
Considering features {1, 3, 4, 6, 9}: accuracy of 0.8533333333333334
Considering features {1, 3, 5, 6, 9}: accuracy of 0.83
Considering features {1, 3, 6, 7, 9}: accuracy of 0.8466666666666667
Considering features {1, 3, 6, 8, 9}: accuracy of 0.8366666666666667
Considering features {1, 3, 6, 9, 10}: accuracy of 0.8366666666666667
Adding 2 to the feature set
On search level 6
Considering features {1, 2, 3, 4, 6, 9}: accuracy of 0.82
Considering features {1, 2, 3, 5, 6, 9}: accuracy of 0.8233333333333334
Considering features {1, 2, 3, 6, 7, 9}: accuracy of 0.81
Considering features {1, 2, 3, 6, 8, 9}: accuracy of 0.8266666666666667
Considering features {1, 2, 3, 6, 9, 10}: accuracy of 0.78
Adding 8 to the feature set
On search level 7
Considering features {1, 2, 3, 4, 6, 8, 9}: accuracy of 0.7866666666666666
Considering features {1, 2, 3, 5, 6, 8, 9}: accuracy of 0.7966666666666666
Considering features {1, 2, 3, 6, 7, 8, 9}: accuracy of 0.7866666666666666
Considering features {1, 2, 3, 6, 8, 9, 10}: accuracy of 0.79
Adding 5 to the feature set
On search level 8
Considering features {1, 2, 3, 4, 5, 6, 8, 9}: accuracy of 0.7833333333333333
Considering features {1, 2, 3, 5, 6, 7, 8, 9}: accuracy of 0.78
Considering features {1, 2, 3, 5, 6, 8, 9, 10}: accuracy of 0.78
Adding 4 to the feature set
On search level 9
Considering features {1, 2, 3, 4, 5, 6, 7, 8, 9}: accuracy of 0.7433333333333333
Considering features {1, 2, 3, 4, 5, 6, 8, 9, 10}: accuracy of 0.7133333333333334
Adding 7 to the feature set
On search level 10
Considering features {1, 2, 3, 4, 5, 6, 7, 8, 9, 10}: accuracy of 0.6966666666666667
Adding 10 to the feature set
Best set was {3, 6} with accuracy of 0.9566666666666667
